[0.076s] Invoking command in '/home/albert/unav_ws/build/turtlebot3_gazebo': CMAKE_PREFIX_PATH=${CMAKE_PREFIX_PATH}:/home/albert/bcdc_ws/install/agbot_teleop:/home/albert/bcdc_ws/install/agbot_py:/home/albert/ws_moveit2/install/moveit_configs_utils:/home/albert/ws_moveit2/install/launch_param_builder:/home/albert/umov_ws/install/arduino_py_examples:/home/albert/udem2_ws/install/actions_py:/home/albert/udem2_ws/install/lifecycle_py:/home/albert/udem2_ws/install/executors_py:/home/albert/udem2_ws/install/components_py:/home/albert/udem_ws/install/turtlesim_catcher:/home/albert/udem_ws/install/my_py_pkg:/home/albert/udem_ws/install/lifecycle_py:/home/albert/arduinobot_ws/install/arduinobot_py_examples:/opt/ros/humble /home/albert/.local/bin/cmake /home/albert/unav_ws/src/turtlebot3_gazebo -DCMAKE_INSTALL_PREFIX=/home/albert/unav_ws/install/turtlebot3_gazebo
[0.184s] -- The C compiler identification is GNU 11.4.0
[0.292s] -- The CXX compiler identification is GNU 11.4.0
[0.320s] -- Detecting C compiler ABI info
[0.471s] -- Detecting C compiler ABI info - done
[0.519s] -- Check for working C compiler: /usr/bin/cc - skipped
[0.520s] -- Detecting C compile features
[0.521s] -- Detecting C compile features - done
[0.533s] -- Detecting CXX compiler ABI info
[0.733s] -- Detecting CXX compiler ABI info - done
[0.804s] -- Check for working CXX compiler: /usr/bin/c++ - skipped
[0.805s] -- Detecting CXX compile features
[0.806s] -- Detecting CXX compile features - done
[0.829s] -- Found ament_cmake: 1.3.9 (/opt/ros/humble/share/ament_cmake/cmake)
[1.221s] -- Found Python3: /usr/bin/python3 (found version "3.10.12") found components: Interpreter
[1.793s] [33mCMake Warning (dev) at /home/albert/.local/share/cmake-3.29/Modules/FindPackageHandleStandardArgs.cmake:438 (message):
[1.794s]   The package name passed to `find_package_handle_standard_args` (PkgConfig)
[1.794s]   does not match the name of the calling package (gazebo).  This can lead to
[1.794s]   problems in calling code that expects `find_package` result variables
[1.794s]   (e.g., `_FOUND`) to follow a certain pattern.
[1.794s] Call Stack (most recent call first):
[1.795s]   /home/albert/.local/share/cmake-3.29/Modules/FindPkgConfig.cmake:99 (find_package_handle_standard_args)
[1.795s]   /usr/lib/x86_64-linux-gnu/cmake/gazebo/gazebo-config.cmake:72 (include)
[1.795s]   CMakeLists.txt:23 (find_package)
[1.795s] This warning is for project developers.  Use -Wno-dev to suppress it.
[1.795s] [0m
[1.796s] -- Found PkgConfig: /usr/bin/pkg-config (found version "0.29.2")
[1.807s] -- Checking for module 'bullet>=2.82'
[1.870s] --   Found bullet, version 3.05
[2.232s] -- Found fcl: /usr/include (found suitable version "0.7.0", minimum required is "0.5.0")
[2.375s] -- Found assimp: /usr/include (found version "5.2.0")
[2.478s] -- Found DART: /usr/include (Required is at least version "6.6") found components: dart
[2.745s] -- Found Boost: /usr/lib/x86_64-linux-gnu/cmake/Boost-1.74.0/BoostConfig.cmake (found suitable version "1.74.0", minimum required is "1.40.0") found components: thread system filesystem program_options regex iostreams date_time
[2.834s] -- Found Protobuf: /usr/lib/x86_64-linux-gnu/libprotobuf.so (found version "3.12.4")
[2.878s] -- Looking for ignition-math6 -- found version 6.15.1
[2.906s] -- Searching for dependencies of ignition-math6
[2.909s] -- Looking for OGRE...
[2.910s] -- OGRE_PREFIX_WATCH changed.
[2.920s] -- Checking for module 'OGRE'
[2.961s] --   Found OGRE, version 1.9.0
[3.047s] -- Found Ogre Ghadamon (1.9.0)
[3.088s] -- Found OGRE: optimized;/usr/lib/x86_64-linux-gnu/libOgreMain.so;debug;/usr/lib/x86_64-linux-gnu/libOgreMain.so
[3.103s] -- Looking for OGRE_Paging...
[3.136s] -- Found OGRE_Paging: optimized;/usr/lib/x86_64-linux-gnu/libOgrePaging.so;debug;/usr/lib/x86_64-linux-gnu/libOgrePaging.so
[3.136s] -- Looking for OGRE_Terrain...
[3.169s] -- Found OGRE_Terrain: optimized;/usr/lib/x86_64-linux-gnu/libOgreTerrain.so;debug;/usr/lib/x86_64-linux-gnu/libOgreTerrain.so
[3.169s] -- Looking for OGRE_Property...
[3.202s] -- Found OGRE_Property: optimized;/usr/lib/x86_64-linux-gnu/libOgreProperty.so;debug;/usr/lib/x86_64-linux-gnu/libOgreProperty.so
[3.203s] -- Looking for OGRE_RTShaderSystem...
[3.235s] -- Found OGRE_RTShaderSystem: optimized;/usr/lib/x86_64-linux-gnu/libOgreRTShaderSystem.so;debug;/usr/lib/x86_64-linux-gnu/libOgreRTShaderSystem.so
[3.236s] -- Looking for OGRE_Volume...
[3.270s] -- Found OGRE_Volume: optimized;/usr/lib/x86_64-linux-gnu/libOgreVolume.so;debug;/usr/lib/x86_64-linux-gnu/libOgreVolume.so
[3.270s] -- Looking for OGRE_Overlay...
[3.303s] -- Found OGRE_Overlay: optimized;/usr/lib/x86_64-linux-gnu/libOgreOverlay.so;debug;/usr/lib/x86_64-linux-gnu/libOgreOverlay.so
[4.076s] -- Looking for ignition-math6 -- found version 6.15.1
[4.094s] -- Looking for ignition-transport8 -- found version 8.2.1
[4.095s] -- Searching for dependencies of ignition-transport8
[4.141s] -- Found Protobuf: /usr/lib/x86_64-linux-gnu/libprotobuf.so (found suitable version "3.12.4", minimum required is "3")
[4.174s] -- Config-file not installed for ZeroMQ -- checking for pkg-config
[4.183s] -- Checking for module 'libzmq >= 4'
[4.237s] --   Found libzmq, version 4.3.4
[4.330s] -- Found ZeroMQ: TRUE (Required is at least version "4")
[4.348s] -- Checking for module 'uuid'
[4.388s] --   Found uuid, version 2.37.2
[4.466s] -- Found UUID: TRUE
[4.485s] -- Looking for ignition-msgs5 -- found version 5.8.1
[4.486s] -- Searching for dependencies of ignition-msgs5
[4.530s] -- Looking for ignition-math6 -- found version 6.15.1
[4.540s] -- Checking for module 'tinyxml2'
[4.578s] --   Found tinyxml2, version 9.0.0
[4.656s] -- Looking for ignition-msgs5 -- found version 5.8.1
[4.674s] -- Looking for ignition-common3 -- found version 3.14.0
[4.674s] -- Searching for dependencies of ignition-common3
[4.677s] -- Looking for dlfcn.h - found
[4.682s] -- Looking for libdl - found
[4.685s] -- Found DL: TRUE
[4.723s] -- Found tinyobjloader: /usr/lib/x86_64-linux-gnu/cmake/tinyobjloader/tinyobjloader-config.cmake (found version "2.0.0")
[4.724s] -- Searching for <ignition-common3> component [graphics]
[4.741s] -- Looking for ignition-common3-graphics -- found version 3.14.0
[4.741s] -- Searching for dependencies of ignition-common3-graphics
[4.742s] -- Looking for ignition-math6 -- found version 6.15.1
[4.766s] -- Looking for ignition-fuel_tools4 -- found version 4.4.0
[4.766s] -- Searching for dependencies of ignition-fuel_tools4
[4.965s] -- Found CURL: /usr/lib/x86_64-linux-gnu/libcurl.so (found version "7.81.0")
[4.986s] [0mCMake Deprecation Warning at /usr/lib/x86_64-linux-gnu/cmake/jsoncpp/jsoncppConfig.cmake:2 (cmake_policy):
[4.986s]   Compatibility with CMake < 3.5 will be removed from a future version of
[4.986s]   CMake.
[4.986s] 
[4.986s]   Update the VERSION argument <min> value or use a ...<max> suffix to tell
[4.986s]   CMake that the project does not need compatibility with older versions.
[4.986s] Call Stack (most recent call first):
[4.986s]   /usr/share/cmake/ignition-cmake2/cmake2/FindJSONCPP.cmake:34 (find_package)
[4.986s]   /usr/lib/x86_64-linux-gnu/cmake/ignition-fuel_tools4/ignition-fuel_tools4-config.cmake:94 (find_package)
[4.986s]   /usr/lib/x86_64-linux-gnu/cmake/gazebo/gazebo-config.cmake:251 (find_package)
[4.986s]   CMakeLists.txt:23 (find_package)
[4.986s] 
[4.986s] [0m
[4.996s] -- Checking for module 'jsoncpp'
[5.034s] --   Found jsoncpp, version 1.9.5
[5.106s] -- Found JSONCPP: TRUE
[5.129s] -- Checking for module 'libzip'
[5.166s] --   Found libzip, version 1.7.3
[5.239s] -- Found ZIP: TRUE
[5.240s] -- Looking for ignition-common3 -- found version 3.14.0
[5.240s] -- Looking for ignition-math6 -- found version 6.15.1
[5.241s] -- Looking for ignition-msgs5 -- found version 5.8.1
[5.276s] -- Found gazebo_ros_pkgs: 3.7.0 (/opt/ros/humble/share/gazebo_ros_pkgs/cmake)
[5.291s] -- Found geometry_msgs: 4.2.4 (/opt/ros/humble/share/geometry_msgs/cmake)
[5.475s] -- Found rosidl_generator_c: 3.1.5 (/opt/ros/humble/share/rosidl_generator_c/cmake)
[5.510s] -- Found rosidl_adapter: 3.1.5 (/opt/ros/humble/share/rosidl_adapter/cmake)
[5.551s] -- Found rosidl_generator_cpp: 3.1.5 (/opt/ros/humble/share/rosidl_generator_cpp/cmake)
[5.607s] -- Using all available rosidl_typesupport_c: rosidl_typesupport_fastrtps_c;rosidl_typesupport_introspection_c
[5.683s] -- Using all available rosidl_typesupport_cpp: rosidl_typesupport_fastrtps_cpp;rosidl_typesupport_introspection_cpp
[5.910s] -- Found nav_msgs: 4.2.4 (/opt/ros/humble/share/nav_msgs/cmake)
[6.052s] -- Found rclcpp: 16.0.9 (/opt/ros/humble/share/rclcpp/cmake)
[6.267s] -- Found rmw_implementation_cmake: 6.1.2 (/opt/ros/humble/share/rmw_implementation_cmake/cmake)
[6.290s] -- Found rmw_cyclonedds_cpp: 1.3.4 (/opt/ros/humble/share/rmw_cyclonedds_cpp/cmake)
[6.421s] -- Using RMW implementation 'rmw_cyclonedds_cpp' as default
[6.472s] -- Found Threads: TRUE
[6.712s] -- Found sensor_msgs: 4.2.4 (/opt/ros/humble/share/sensor_msgs/cmake)
[6.850s] -- Found tf2: 0.25.7 (/opt/ros/humble/share/tf2/cmake)
[7.009s] -- Configuring done (6.9s)
[7.069s] -- Generating done (0.0s)
[7.073s] -- Build files have been written to: /home/albert/unav_ws/build/turtlebot3_gazebo
