[0.020s] Invoking command in '/home/albert/unav_ws/build/nav2_robot_description': CMAKE_PREFIX_PATH=${CMAKE_PREFIX_PATH}:/home/albert/bcdc_ws/install/agbot_teleop:/home/albert/bcdc_ws/install/agbot_py:/home/albert/ws_moveit2/install/moveit_configs_utils:/home/albert/ws_moveit2/install/launch_param_builder:/home/albert/umov_ws/install/arduino_py_examples:/home/albert/udem2_ws/install/actions_py:/home/albert/udem2_ws/install/lifecycle_py:/home/albert/udem2_ws/install/executors_py:/home/albert/udem2_ws/install/components_py:/home/albert/udem_ws/install/turtlesim_catcher:/home/albert/udem_ws/install/my_py_pkg:/home/albert/udem_ws/install/lifecycle_py:/home/albert/arduinobot_ws/install/arduinobot_py_examples:/opt/ros/humble /home/albert/.local/bin/cmake --build /home/albert/unav_ws/build/nav2_robot_description -- -j8 -l8
[0.045s] Invoked command in '/home/albert/unav_ws/build/nav2_robot_description' returned '0': CMAKE_PREFIX_PATH=${CMAKE_PREFIX_PATH}:/home/albert/bcdc_ws/install/agbot_teleop:/home/albert/bcdc_ws/install/agbot_py:/home/albert/ws_moveit2/install/moveit_configs_utils:/home/albert/ws_moveit2/install/launch_param_builder:/home/albert/umov_ws/install/arduino_py_examples:/home/albert/udem2_ws/install/actions_py:/home/albert/udem2_ws/install/lifecycle_py:/home/albert/udem2_ws/install/executors_py:/home/albert/udem2_ws/install/components_py:/home/albert/udem_ws/install/turtlesim_catcher:/home/albert/udem_ws/install/my_py_pkg:/home/albert/udem_ws/install/lifecycle_py:/home/albert/arduinobot_ws/install/arduinobot_py_examples:/opt/ros/humble /home/albert/.local/bin/cmake --build /home/albert/unav_ws/build/nav2_robot_description -- -j8 -l8
[0.087s] Invoking command in '/home/albert/unav_ws/build/nav2_robot_description': CMAKE_PREFIX_PATH=${CMAKE_PREFIX_PATH}:/home/albert/bcdc_ws/install/agbot_teleop:/home/albert/bcdc_ws/install/agbot_py:/home/albert/ws_moveit2/install/moveit_configs_utils:/home/albert/ws_moveit2/install/launch_param_builder:/home/albert/umov_ws/install/arduino_py_examples:/home/albert/udem2_ws/install/actions_py:/home/albert/udem2_ws/install/lifecycle_py:/home/albert/udem2_ws/install/executors_py:/home/albert/udem2_ws/install/components_py:/home/albert/udem_ws/install/turtlesim_catcher:/home/albert/udem_ws/install/my_py_pkg:/home/albert/udem_ws/install/lifecycle_py:/home/albert/arduinobot_ws/install/arduinobot_py_examples:/opt/ros/humble /home/albert/.local/bin/cmake --install /home/albert/unav_ws/build/nav2_robot_description
[0.091s] -- Install configuration: ""
[0.091s] -- Installing: /home/albert/unav_ws/install/nav2_robot_description/share/nav2_robot_description//urdf
[0.091s] -- Installing: /home/albert/unav_ws/install/nav2_robot_description/share/nav2_robot_description//urdf/my_robot.urdf
[0.092s] -- Installing: /home/albert/unav_ws/install/nav2_robot_description/share/nav2_robot_description//urdf/nav2_robot_base.xacro
[0.092s] -- Installing: /home/albert/unav_ws/install/nav2_robot_description/share/nav2_robot_description//rviz
[0.092s] -- Installing: /home/albert/unav_ws/install/nav2_robot_description/share/nav2_robot_description//rviz/urdf_config.rviz
[0.092s] -- Installing: /home/albert/unav_ws/install/nav2_robot_description/share/ament_index/resource_index/package_run_dependencies/nav2_robot_description
[0.093s] -- Installing: /home/albert/unav_ws/install/nav2_robot_description/share/ament_index/resource_index/parent_prefix_path/nav2_robot_description
[0.093s] -- Installing: /home/albert/unav_ws/install/nav2_robot_description/share/nav2_robot_description/environment/ament_prefix_path.sh
[0.093s] -- Installing: /home/albert/unav_ws/install/nav2_robot_description/share/nav2_robot_description/environment/ament_prefix_path.dsv
[0.093s] -- Installing: /home/albert/unav_ws/install/nav2_robot_description/share/nav2_robot_description/environment/path.sh
[0.093s] -- Installing: /home/albert/unav_ws/install/nav2_robot_description/share/nav2_robot_description/environment/path.dsv
[0.093s] -- Installing: /home/albert/unav_ws/install/nav2_robot_description/share/nav2_robot_description/local_setup.bash
[0.093s] -- Installing: /home/albert/unav_ws/install/nav2_robot_description/share/nav2_robot_description/local_setup.sh
[0.094s] -- Installing: /home/albert/unav_ws/install/nav2_robot_description/share/nav2_robot_description/local_setup.zsh
[0.094s] -- Installing: /home/albert/unav_ws/install/nav2_robot_description/share/nav2_robot_description/local_setup.dsv
[0.094s] -- Installing: /home/albert/unav_ws/install/nav2_robot_description/share/nav2_robot_description/package.dsv
[0.094s] -- Installing: /home/albert/unav_ws/install/nav2_robot_description/share/ament_index/resource_index/packages/nav2_robot_description
[0.094s] -- Installing: /home/albert/unav_ws/install/nav2_robot_description/share/nav2_robot_description/cmake/nav2_robot_descriptionConfig.cmake
[0.094s] -- Installing: /home/albert/unav_ws/install/nav2_robot_description/share/nav2_robot_description/cmake/nav2_robot_descriptionConfig-version.cmake
[0.095s] -- Installing: /home/albert/unav_ws/install/nav2_robot_description/share/nav2_robot_description/package.xml
[0.096s] Invoked command in '/home/albert/unav_ws/build/nav2_robot_description' returned '0': CMAKE_PREFIX_PATH=${CMAKE_PREFIX_PATH}:/home/albert/bcdc_ws/install/agbot_teleop:/home/albert/bcdc_ws/install/agbot_py:/home/albert/ws_moveit2/install/moveit_configs_utils:/home/albert/ws_moveit2/install/launch_param_builder:/home/albert/umov_ws/install/arduino_py_examples:/home/albert/udem2_ws/install/actions_py:/home/albert/udem2_ws/install/lifecycle_py:/home/albert/udem2_ws/install/executors_py:/home/albert/udem2_ws/install/components_py:/home/albert/udem_ws/install/turtlesim_catcher:/home/albert/udem_ws/install/my_py_pkg:/home/albert/udem_ws/install/lifecycle_py:/home/albert/arduinobot_ws/install/arduinobot_py_examples:/opt/ros/humble /home/albert/.local/bin/cmake --install /home/albert/unav_ws/build/nav2_robot_description
